f:\source\xmr-stak-master\xmr-stak-backend.dir\release\socket.obj
f:\source\xmr-stak-master\xmr-stak-backend.dir\release\jpsock.obj
f:\source\xmr-stak-master\xmr-stak-backend.dir\release\utility.obj
f:\source\xmr-stak-master\xmr-stak-backend.dir\release\telemetry.obj
f:\source\xmr-stak-master\xmr-stak-backend.dir\release\executor.obj
f:\source\xmr-stak-master\xmr-stak-backend.dir\release\console.obj
f:\source\xmr-stak-master\xmr-stak-backend.dir\release\webdesign.obj
f:\source\xmr-stak-master\xmr-stak-backend.dir\release\httpd.obj
f:\source\xmr-stak-master\xmr-stak-backend.dir\release\cryptonight_common.obj
f:\source\xmr-stak-master\xmr-stak-backend.dir\release\globalstates.obj
f:\source\xmr-stak-master\xmr-stak-backend.dir\release\backendconnector.obj
f:\source\xmr-stak-master\xmr-stak-backend.dir\release\minethd.obj
f:\source\xmr-stak-master\xmr-stak-backend.dir\release\hwlocmemory.obj
f:\source\xmr-stak-master\xmr-stak-backend.dir\release\version.obj
f:\source\xmr-stak-master\xmr-stak-backend.dir\release\xmrstak\backend\cpu\jconf.cpp.obj
f:\source\xmr-stak-master\xmr-stak-backend.dir\release\xmrstak\jconf.cpp.obj
f:\source\xmr-stak-master\cmakefiles\generate.stamp
f:\source\xmr-stak-master\bin\release\xmr-stak-backend.lib
f:\source\xmr-stak-master\xmr-stak-backend.dir\release\xmr-stak-backend.tlog\cl.command.1.tlog
f:\source\xmr-stak-master\xmr-stak-backend.dir\release\xmr-stak-backend.tlog\cl.read.1.tlog
f:\source\xmr-stak-master\xmr-stak-backend.dir\release\xmr-stak-backend.tlog\cl.write.1.tlog
f:\source\xmr-stak-master\xmr-stak-backend.dir\release\xmr-stak-backend.tlog\custombuild.command.1.tlog
f:\source\xmr-stak-master\xmr-stak-backend.dir\release\xmr-stak-backend.tlog\custombuild.read.1.tlog
f:\source\xmr-stak-master\xmr-stak-backend.dir\release\xmr-stak-backend.tlog\custombuild.write.1.tlog
f:\source\xmr-stak-master\xmr-stak-backend.dir\release\xmr-stak-backend.tlog\lib-link.read.1.tlog
f:\source\xmr-stak-master\xmr-stak-backend.dir\release\xmr-stak-backend.tlog\lib-link.write.1.tlog
f:\source\xmr-stak-master\xmr-stak-backend.dir\release\xmr-stak-backend.tlog\lib.command.1.tlog
